2019-01-21T19:44:55+00:00 DEBUG 
====Stripe Version: 4.1.14====
====Start Log====
Keys are not set correctly.
====End Log====


2019-01-21T19:49:42+00:00 DEBUG 
====Stripe Version: 4.1.14====
====Start Log====
Keys are not set correctly.
====End Log====


2019-01-21T21:19:02+00:00 DEBUG 
====Stripe Version: 4.1.14====
====Start Log====
Keys are not set correctly.
====End Log====


2019-01-21T22:55:17+00:00 DEBUG 
====Stripe Version: 4.1.14====
====Start Log====
Keys are not set correctly.
====End Log====


